<?xml version="1.0" encoding="UTF-8"?>
<testng-results ignored="0" total="1" passed="1" failed="0" skipped="0">
  <reporter-output>
  </reporter-output>
  <suite started-at="2022-08-30T17:28:08 IST" name="Default suite" finished-at="2022-08-30T17:28:21 IST" duration-ms="12829">
    <groups>
    </groups>
    <test started-at="2022-08-30T17:28:08 IST" name="Default test" finished-at="2022-08-30T17:28:21 IST" duration-ms="12829">
      <class name="TestCases.VerifySignUpTestCase">
        <test-method signature="signup()[pri:0, instance:TestCases.VerifySignUpTestCase@31368b99]" started-at="2022-08-30T17:28:08 IST" name="signup" finished-at="2022-08-30T17:28:21 IST" duration-ms="12763" status="PASS">
          <reporter-output>
          </reporter-output>
        </test-method> <!-- signup -->
      </class> <!-- TestCases.VerifySignUpTestCase -->
    </test> <!-- Default test -->
  </suite> <!-- Default suite -->
</testng-results>
